03-08 17:08:09.507 [INFO ] [main] >>> Enviroment [Port : 8085]
03-08 17:08:09.520 [INFO ] [main] >>> Enviroment [Refresh Charger : 1 min]
03-08 17:08:09.520 [INFO ] [main] >>> Enviroment [Ignore CRC Error ENABLED]
03-08 17:08:09.520 [INFO ] [main] >>> Enviroment [Debug Mode ENABLED]
03-08 17:08:09.520 [INFO ] [main] >>> Enviroment [Print Debug Log ENABLED]
03-08 17:08:09.521 [INFO ] [main] >>> Enviroment [Ignore ME API DISABLED]
03-08 17:08:09.521 [INFO ] [main] >>> Enviroment [Packet Log Write Mode : Disable]
03-08 17:08:09.521 [INFO ] [main] >>> Enviroment [Firmware Read Mode : Web API]
03-08 17:08:09.619 [INFO ] [main] >>> Enviroment [Web Server Uri : http://localhost]
03-08 17:08:14.363 [DEBUG] [main] >>> Using SLF4J as the default logging framework
03-08 17:08:14.366 [DEBUG] [main] >>> -Dio.netty.eventLoopThreads: 12
03-08 17:08:14.389 [DEBUG] [main] >>> -Dio.netty.threadLocalMap.stringBuilder.initialSize: 1024
03-08 17:08:14.389 [DEBUG] [main] >>> -Dio.netty.threadLocalMap.stringBuilder.maxSize: 4096
03-08 17:08:14.400 [DEBUG] [main] >>> -Dio.netty.noKeySetOptimization: false
03-08 17:08:14.400 [DEBUG] [main] >>> -Dio.netty.selectorAutoRebuildThreshold: 512
03-08 17:08:14.417 [DEBUG] [main] >>> Platform: Windows
03-08 17:08:14.419 [DEBUG] [main] >>> -Dio.netty.noUnsafe: false
03-08 17:08:14.419 [DEBUG] [main] >>> Java version: 8
03-08 17:08:14.421 [DEBUG] [main] >>> sun.misc.Unsafe.theUnsafe: available
03-08 17:08:14.421 [DEBUG] [main] >>> sun.misc.Unsafe.copyMemory: available
03-08 17:08:14.422 [DEBUG] [main] >>> java.nio.Buffer.address: available
03-08 17:08:14.422 [DEBUG] [main] >>> direct buffer constructor: available
03-08 17:08:14.423 [DEBUG] [main] >>> java.nio.Bits.unaligned: available, true
03-08 17:08:14.423 [DEBUG] [main] >>> jdk.internal.misc.Unsafe.allocateUninitializedArray(int): unavailable prior to Java9
03-08 17:08:14.424 [DEBUG] [main] >>> java.nio.DirectByteBuffer.<init>(long, int): available
03-08 17:08:14.424 [DEBUG] [main] >>> sun.misc.Unsafe: available
03-08 17:08:14.425 [DEBUG] [main] >>> -Dio.netty.tmpdir: C:\Users\skpark\AppData\Local\Temp (java.io.tmpdir)
03-08 17:08:14.425 [DEBUG] [main] >>> -Dio.netty.bitMode: 64 (sun.arch.data.model)
03-08 17:08:14.425 [DEBUG] [main] >>> -Dio.netty.maxDirectMemory: 3806855168 bytes
03-08 17:08:14.426 [DEBUG] [main] >>> -Dio.netty.uninitializedArrayAllocationThreshold: -1
03-08 17:08:14.427 [DEBUG] [main] >>> java.nio.ByteBuffer.cleaner(): available
03-08 17:08:14.427 [DEBUG] [main] >>> -Dio.netty.noPreferDirect: false
03-08 17:08:14.435 [DEBUG] [main] >>> org.jctools-core.MpscChunkedArrayQueue: available
03-08 17:08:14.454 [TRACE] [main] >>> instrumented a special java.util.Set into: sun.nio.ch.WindowsSelectorImpl@30c93896
03-08 17:08:14.455 [TRACE] [main] >>> instrumented a special java.util.Set into: sun.nio.ch.WindowsSelectorImpl@21ba0741
03-08 17:08:14.456 [TRACE] [main] >>> instrumented a special java.util.Set into: sun.nio.ch.WindowsSelectorImpl@58ce9668
03-08 17:08:14.456 [TRACE] [main] >>> instrumented a special java.util.Set into: sun.nio.ch.WindowsSelectorImpl@172b013
03-08 17:08:14.457 [TRACE] [main] >>> instrumented a special java.util.Set into: sun.nio.ch.WindowsSelectorImpl@56673b2c
03-08 17:08:14.457 [TRACE] [main] >>> instrumented a special java.util.Set into: sun.nio.ch.WindowsSelectorImpl@2796aeae
03-08 17:08:14.458 [TRACE] [main] >>> instrumented a special java.util.Set into: sun.nio.ch.WindowsSelectorImpl@b4711e2
03-08 17:08:14.458 [TRACE] [main] >>> instrumented a special java.util.Set into: sun.nio.ch.WindowsSelectorImpl@1fa1cab1
03-08 17:08:14.459 [TRACE] [main] >>> instrumented a special java.util.Set into: sun.nio.ch.WindowsSelectorImpl@70f02c32
03-08 17:08:14.460 [TRACE] [main] >>> instrumented a special java.util.Set into: sun.nio.ch.WindowsSelectorImpl@62010f5c
03-08 17:08:14.460 [TRACE] [main] >>> instrumented a special java.util.Set into: sun.nio.ch.WindowsSelectorImpl@51fadaff
03-08 17:08:14.461 [TRACE] [main] >>> instrumented a special java.util.Set into: sun.nio.ch.WindowsSelectorImpl@401f7633
03-08 17:08:14.462 [TRACE] [main] >>> instrumented a special java.util.Set into: sun.nio.ch.WindowsSelectorImpl@5c2375a9
03-08 17:08:14.463 [TRACE] [main] >>> instrumented a special java.util.Set into: sun.nio.ch.WindowsSelectorImpl@60129b9a
03-08 17:08:14.464 [TRACE] [main] >>> instrumented a special java.util.Set into: sun.nio.ch.WindowsSelectorImpl@78d6692f
03-08 17:08:14.464 [TRACE] [main] >>> instrumented a special java.util.Set into: sun.nio.ch.WindowsSelectorImpl@7a55af6b
03-08 17:08:14.465 [TRACE] [main] >>> instrumented a special java.util.Set into: sun.nio.ch.WindowsSelectorImpl@3d9c13b5
03-08 17:08:14.467 [TRACE] [main] >>> instrumented a special java.util.Set into: sun.nio.ch.WindowsSelectorImpl@492691d7
03-08 17:08:14.469 [TRACE] [main] >>> instrumented a special java.util.Set into: sun.nio.ch.WindowsSelectorImpl@27216cd
03-08 17:08:14.470 [TRACE] [main] >>> instrumented a special java.util.Set into: sun.nio.ch.WindowsSelectorImpl@558bdf1f
03-08 17:08:14.471 [TRACE] [main] >>> instrumented a special java.util.Set into: sun.nio.ch.WindowsSelectorImpl@8576fa0
03-08 17:08:14.472 [TRACE] [main] >>> instrumented a special java.util.Set into: sun.nio.ch.WindowsSelectorImpl@7582ff54
03-08 17:08:14.473 [TRACE] [main] >>> instrumented a special java.util.Set into: sun.nio.ch.WindowsSelectorImpl@67545b57
03-08 17:08:14.473 [TRACE] [main] >>> instrumented a special java.util.Set into: sun.nio.ch.WindowsSelectorImpl@6c2c1385
03-08 17:08:14.474 [INFO ] [main] >>> Starting server at : 8085
03-08 17:08:14.499 [DEBUG] [main] >>> -Dio.netty.processId: 29588 (auto-detected)
03-08 17:08:14.501 [DEBUG] [main] >>> -Djava.net.preferIPv4Stack: false
03-08 17:08:14.501 [DEBUG] [main] >>> -Djava.net.preferIPv6Addresses: false
03-08 17:08:14.758 [DEBUG] [main] >>> Loopback interface: lo (Software Loopback Interface 1, 127.0.0.1)
03-08 17:08:14.759 [DEBUG] [main] >>> Failed to get SOMAXCONN from sysctl and file \proc\sys\net\core\somaxconn. Default: 200
03-08 17:08:15.027 [DEBUG] [main] >>> -Dio.netty.machineId: e0:d5:5e:ff:fe:48:3f:43 (auto-detected)
03-08 17:08:15.041 [DEBUG] [main] >>> -Dio.netty.leakDetection.level: simple
03-08 17:08:15.042 [DEBUG] [main] >>> -Dio.netty.leakDetection.targetRecords: 4
03-08 17:08:15.067 [DEBUG] [main] >>> -Dio.netty.allocator.numHeapArenas: 12
03-08 17:08:15.067 [DEBUG] [main] >>> -Dio.netty.allocator.numDirectArenas: 12
03-08 17:08:15.068 [DEBUG] [main] >>> -Dio.netty.allocator.pageSize: 8192
03-08 17:08:15.068 [DEBUG] [main] >>> -Dio.netty.allocator.maxOrder: 11
03-08 17:08:15.068 [DEBUG] [main] >>> -Dio.netty.allocator.chunkSize: 16777216
03-08 17:08:15.068 [DEBUG] [main] >>> -Dio.netty.allocator.smallCacheSize: 256
03-08 17:08:15.068 [DEBUG] [main] >>> -Dio.netty.allocator.normalCacheSize: 64
03-08 17:08:15.068 [DEBUG] [main] >>> -Dio.netty.allocator.maxCachedBufferCapacity: 32768
03-08 17:08:15.068 [DEBUG] [main] >>> -Dio.netty.allocator.cacheTrimInterval: 8192
03-08 17:08:15.068 [DEBUG] [main] >>> -Dio.netty.allocator.cacheTrimIntervalMillis: 0
03-08 17:08:15.069 [DEBUG] [main] >>> -Dio.netty.allocator.useCacheForAllThreads: true
03-08 17:08:15.069 [DEBUG] [main] >>> -Dio.netty.allocator.maxCachedByteBuffersPerChunk: 1023
03-08 17:08:15.079 [DEBUG] [main] >>> -Dio.netty.allocator.type: pooled
03-08 17:08:15.079 [DEBUG] [main] >>> -Dio.netty.threadLocalDirectBufferSize: 0
03-08 17:08:15.079 [DEBUG] [main] >>> -Dio.netty.maxThreadLocalCharBufferSize: 16384
03-08 17:08:15.089 [INFO ] [main] >>> Stopping server all
